0 info it worked if it ends with ok
1 verbose cli [ '/Users/jonathanwohl/.nvm/versions/node/v5.5.0/bin/node',
1 verbose cli   '/Users/jonathanwohl/.nvm/versions/node/v5.5.0/bin/npm',
1 verbose cli   'run',
1 verbose cli   'deploy' ]
2 info using npm@3.3.12
3 info using node@v5.5.0
4 verbose run-script [ 'predeploy', 'deploy', 'postdeploy' ]
5 info lifecycle openframe-docs@0.1.0~predeploy: openframe-docs@0.1.0
6 silly lifecycle openframe-docs@0.1.0~predeploy: no script for predeploy, continuing
7 info lifecycle openframe-docs@0.1.0~deploy: openframe-docs@0.1.0
8 verbose lifecycle openframe-docs@0.1.0~deploy: unsafe-perm in lifecycle true
9 verbose lifecycle openframe-docs@0.1.0~deploy: PATH: /Users/jonathanwohl/.nvm/versions/node/v5.5.0/lib/node_modules/npm/bin/node-gyp-bin:/Users/jonathanwohl/Openframe/Openframe-Docs/node_modules/.bin:/Users/jonathanwohl/.nvm/versions/node/v5.5.0/bin:/Users/jonathanwohl/.rbenv/shims:/Users/jonathanwohl/bin:/Users/jonathanwohl/.rbenv/bin:/usr/local/bin:/usr/bin:/bin:/usr/sbin:/sbin
10 verbose lifecycle openframe-docs@0.1.0~deploy: CWD: /Users/jonathanwohl/Openframe/Openframe-Docs
11 silly lifecycle openframe-docs@0.1.0~deploy: Args: [ '-c', 'git subtree push --prefix build origin gh-pages' ]
12 silly lifecycle openframe-docs@0.1.0~deploy: Returned: code: 1  signal: null
13 info lifecycle openframe-docs@0.1.0~deploy: Failed to exec deploy script
14 verbose stack Error: openframe-docs@0.1.0 deploy: `git subtree push --prefix build origin gh-pages`
14 verbose stack Exit status 1
14 verbose stack     at EventEmitter.<anonymous> (/Users/jonathanwohl/.nvm/versions/node/v5.5.0/lib/node_modules/npm/lib/utils/lifecycle.js:232:16)
14 verbose stack     at emitTwo (events.js:100:13)
14 verbose stack     at EventEmitter.emit (events.js:185:7)
14 verbose stack     at ChildProcess.<anonymous> (/Users/jonathanwohl/.nvm/versions/node/v5.5.0/lib/node_modules/npm/lib/utils/spawn.js:24:14)
14 verbose stack     at emitTwo (events.js:100:13)
14 verbose stack     at ChildProcess.emit (events.js:185:7)
14 verbose stack     at maybeClose (internal/child_process.js:821:16)
14 verbose stack     at Process.ChildProcess._handle.onexit (internal/child_process.js:211:5)
15 verbose pkgid openframe-docs@0.1.0
16 verbose cwd /Users/jonathanwohl/Openframe/Openframe-Docs
17 error Darwin 15.6.0
18 error argv "/Users/jonathanwohl/.nvm/versions/node/v5.5.0/bin/node" "/Users/jonathanwohl/.nvm/versions/node/v5.5.0/bin/npm" "run" "deploy"
19 error node v5.5.0
20 error npm  v3.3.12
21 error code ELIFECYCLE
22 error openframe-docs@0.1.0 deploy: `git subtree push --prefix build origin gh-pages`
22 error Exit status 1
23 error Failed at the openframe-docs@0.1.0 deploy script 'git subtree push --prefix build origin gh-pages'.
23 error Make sure you have the latest version of node.js and npm installed.
23 error If you do, this is most likely a problem with the openframe-docs package,
23 error not with npm itself.
23 error Tell the author that this fails on your system:
23 error     git subtree push --prefix build origin gh-pages
23 error You can get their info via:
23 error     npm owner ls openframe-docs
23 error There is likely additional logging output above.
24 verbose exit [ 1, true ]
